<?xml version="1.0" encoding="utf-8"?><testsuites name="pytest tests"><testsuite name="pytest" errors="0" failures="0" skipped="0" tests="21" time="4.029" timestamp="2026-05-13T21:21:05.157992+00:00" hostname="agent-env-434d141a-26c6-4098-a124-e64e547b9f99"><testcase classname="backend.tests.test_mailshare_api.TestAuth" name="test_root" time="0.345" /><testcase classname="backend.tests.test_mailshare_api.TestAuth" name="test_login_owner" time="0.331" /><testcase classname="backend.tests.test_mailshare_api.TestAuth" name="test_login_invalid" time="0.386" /><testcase classname="backend.tests.test_mailshare_api.TestAuth" name="test_me" time="0.418" /><testcase classname="backend.tests.test_mailshare_api.TestAuth" name="test_me_unauth" time="0.172" /><testcase classname="backend.tests.test_mailshare_api.TestAuth" name="test_register_and_logout" time="0.608" /><testcase classname="backend.tests.test_mailshare_api.TestAuth" name="test_register_duplicate" time="0.137" /><testcase classname="backend.tests.test_mailshare_api.TestAuth" name="test_refresh" time="0.054" /><testcase classname="backend.tests.test_mailshare_api.TestAccounts" name="test_create_list_account_with_seed" time="0.158" /><testcase classname="backend.tests.test_mailshare_api.TestAccounts" name="test_viewer_cannot_access_owner_account" time="0.399" /><testcase classname="backend.tests.test_mailshare_api.TestFilters" name="test_create_filter_and_preview" time="0.157" /><testcase classname="backend.tests.test_mailshare_api.TestFilters" name="test_preview_from_contains" time="0.106" /><testcase classname="backend.tests.test_mailshare_api.TestShares" name="test_create_share_with_viewer" time="0.110" /><testcase classname="backend.tests.test_mailshare_api.TestShares" name="test_viewer_sees_shared" time="0.052" /><testcase classname="backend.tests.test_mailshare_api.TestShares" name="test_viewer_shared_emails" time="0.055" /><testcase classname="backend.tests.test_mailshare_api.TestShares" name="test_other_user_cannot_view_share" time="0.052" /><testcase classname="backend.tests.test_mailshare_api.TestActivityOverview" name="test_activity_log" time="0.046" /><testcase classname="backend.tests.test_mailshare_api.TestActivityOverview" name="test_overview_owner" time="0.051" /><testcase classname="backend.tests.test_mailshare_api.TestActivityOverview" name="test_overview_viewer" time="0.056" /><testcase classname="backend.tests.test_mailshare_api.TestCleanup" name="test_revoke_share" time="0.059" /><testcase classname="backend.tests.test_mailshare_api.TestCleanup" name="test_delete_account_cascade" time="0.104" /></testsuite></testsuites>